[0.154s] Invoking command in '/home/user/Projects/CrazySim/crazysimpleflight_ws/build/crazyflie': AMENT_PREFIX_PATH=/home/user/Projects/CrazySim/crazysimpleflight_ws/install/crazyflie_interfaces:${AMENT_PREFIX_PATH} CMAKE_PREFIX_PATH=/home/user/Projects/CrazySim/crazysimpleflight_ws/install/crazyflie_interfaces:/opt/ros/humble LD_LIBRARY_PATH=/home/user/Projects/CrazySim/crazysimpleflight_ws/install/crazyflie_interfaces/lib:${LD_LIBRARY_PATH} PYTHONPATH=/home/user/Projects/CrazySim/crazysimpleflight_ws/install/crazyflie_interfaces/lib/python3.10/site-packages:${PYTHONPATH} /usr/bin/cmake /home/user/Projects/CrazySim/crazysimpleflight_ws/src/crazyswarm_SimpleFlight/crazyflie -DCMAKE_BUILD_TYPE=Release -DAMENT_CMAKE_SYMLINK_INSTALL=1 -DCMAKE_INSTALL_PREFIX=/home/user/Projects/CrazySim/crazysimpleflight_ws/install/crazyflie
[0.162s] -- Found ament_cmake: 1.3.14 (/opt/ros/humble/share/ament_cmake/cmake)
[0.238s] -- Override CMake install command with custom implementation using symlinks instead of copying resources
[0.238s] -- Found rclcpp: 16.0.19 (/opt/ros/humble/share/rclcpp/cmake)
[0.253s] -- Found rosidl_generator_c: 3.1.8 (/opt/ros/humble/share/rosidl_generator_c/cmake)
[0.254s] -- Found rosidl_adapter: 3.1.8 (/opt/ros/humble/share/rosidl_adapter/cmake)
[0.256s] -- Found rosidl_generator_cpp: 3.1.8 (/opt/ros/humble/share/rosidl_generator_cpp/cmake)
[0.260s] -- Using all available rosidl_typesupport_c: rosidl_typesupport_fastrtps_c;rosidl_typesupport_introspection_c
[0.266s] -- Using all available rosidl_typesupport_cpp: rosidl_typesupport_fastrtps_cpp;rosidl_typesupport_introspection_cpp
[0.281s] -- Found rmw_implementation_cmake: 6.1.2 (/opt/ros/humble/share/rmw_implementation_cmake/cmake)
[0.281s] -- Found rmw_fastrtps_cpp: 6.2.10 (/opt/ros/humble/share/rmw_fastrtps_cpp/cmake)
[0.346s] -- Using RMW implementation 'rmw_fastrtps_cpp' as default
[0.367s] -- Found tf2_ros: 0.25.20 (/opt/ros/humble/share/tf2_ros/cmake)
[0.408s] -- Found rclpy: 3.3.21 (/opt/ros/humble/share/rclpy/cmake)
[0.408s] -- Found std_srvs: 4.9.1 (/opt/ros/humble/share/std_srvs/cmake)
[0.416s] -- Found sensor_msgs: 4.9.1 (/opt/ros/humble/share/sensor_msgs/cmake)
[0.420s] -- Found crazyflie_interfaces: 2.0.0 (/home/user/Projects/CrazySim/crazysimpleflight_ws/install/crazyflie_interfaces/share/crazyflie_interfaces/cmake)
[0.427s] -- Found motion_capture_tracking_interfaces: 1.0.6 (/opt/ros/humble/share/motion_capture_tracking_interfaces/cmake)
[0.435s] [31mCMake Error at CMakeLists.txt:22 (add_subdirectory):
[0.435s]   The source directory
[0.435s] 
[0.435s]     /home/user/Projects/CrazySim/crazysimpleflight_ws/src/crazyswarm_SimpleFlight/crazyflie/deps/crazyflie_tools
[0.435s] 
[0.435s]   does not contain a CMakeLists.txt file.
[0.435s] 
[0.435s] [0m
[0.437s] [31mCMake Error at /opt/ros/humble/share/ament_cmake_core/cmake/symlink_install/ament_cmake_symlink_install_targets.cmake:67 (message):
[0.437s]   ament_cmake_symlink_install_targets() 'comCheck' is not a target
[0.437s] Call Stack (most recent call first):
[0.437s]   /opt/ros/humble/share/ament_cmake_core/cmake/symlink_install/install.cmake:37 (ament_cmake_symlink_install_targets)
[0.437s]   CMakeLists.txt:86 (install)
[0.437s] 
[0.437s] [0m
[0.437s] -- Configuring incomplete, errors occurred!
[0.437s] See also "/home/user/Projects/CrazySim/crazysimpleflight_ws/build/crazyflie/CMakeFiles/CMakeOutput.log".
[0.443s] Invoked command in '/home/user/Projects/CrazySim/crazysimpleflight_ws/build/crazyflie' returned '1': AMENT_PREFIX_PATH=/home/user/Projects/CrazySim/crazysimpleflight_ws/install/crazyflie_interfaces:${AMENT_PREFIX_PATH} CMAKE_PREFIX_PATH=/home/user/Projects/CrazySim/crazysimpleflight_ws/install/crazyflie_interfaces:/opt/ros/humble LD_LIBRARY_PATH=/home/user/Projects/CrazySim/crazysimpleflight_ws/install/crazyflie_interfaces/lib:${LD_LIBRARY_PATH} PYTHONPATH=/home/user/Projects/CrazySim/crazysimpleflight_ws/install/crazyflie_interfaces/lib/python3.10/site-packages:${PYTHONPATH} /usr/bin/cmake /home/user/Projects/CrazySim/crazysimpleflight_ws/src/crazyswarm_SimpleFlight/crazyflie -DCMAKE_BUILD_TYPE=Release -DAMENT_CMAKE_SYMLINK_INSTALL=1 -DCMAKE_INSTALL_PREFIX=/home/user/Projects/CrazySim/crazysimpleflight_ws/install/crazyflie
