Built target ament_cmake_python_symlink_crazyflie_sim
Built target ament_cmake_python_symlink_crazyflie_sim_setup
running egg_info
creating crazyflie_sim.egg-info
writing manifest file 'crazyflie_sim.egg-info/SOURCES.txt'
writing manifest file 'crazyflie_sim.egg-info/SOURCES.txt'
running install_scripts
/home/user/Projects/CrazySim/.venv/lib/python3.10/site-packages/setuptools/command/install.py:34: SetuptoolsDeprecationWarning: setup.py install is deprecated. Use build and pip and other standards-based tools.
  warnings.warn(
Built target ament_cmake_python_build_crazyflie_sim_egg
running egg_info
writing manifest file 'crazyflie_sim.egg-info/SOURCES.txt'
Built target ament_cmake_python_build_crazyflie_sim_scripts
-- Install configuration: "Release"
-- Execute custom install script
-- Symlinking: /home/user/Projects/CrazySim/crazysimpleflight_ws/install/crazyflie_sim/share/crazyflie_sim/environment/pythonpath.sh
-- Symlinking: /home/user/Projects/CrazySim/crazysimpleflight_ws/install/crazyflie_sim/share/crazyflie_sim/environment/pythonpath.dsv
-- Symlinking: /home/user/Projects/CrazySim/crazysimpleflight_ws/install/crazyflie_sim/lib/python3.10/site-packages/crazyflie_sim-2.0.0-py3.10.egg-info/PKG-INFO
-- Symlinking: /home/user/Projects/CrazySim/crazysimpleflight_ws/install/crazyflie_sim/lib/python3.10/site-packages/crazyflie_sim-2.0.0-py3.10.egg-info/SOURCES.txt
-- Symlinking: /home/user/Projects/CrazySim/crazysimpleflight_ws/install/crazyflie_sim/lib/python3.10/site-packages/crazyflie_sim-2.0.0-py3.10.egg-info/dependency_links.txt
-- Symlinking: /home/user/Projects/CrazySim/crazysimpleflight_ws/install/crazyflie_sim/lib/python3.10/site-packages/crazyflie_sim-2.0.0-py3.10.egg-info/entry_points.txt
-- Symlinking: /home/user/Projects/CrazySim/crazysimpleflight_ws/install/crazyflie_sim/lib/python3.10/site-packages/crazyflie_sim-2.0.0-py3.10.egg-info/top_level.txt
-- Symlinking: /home/user/Projects/CrazySim/crazysimpleflight_ws/install/crazyflie_sim/lib/crazyflie_sim//crazyflie_server
-- Symlinking: /home/user/Projects/CrazySim/crazysimpleflight_ws/install/crazyflie_sim/lib/python3.10/site-packages/crazyflie_sim/__init__.py
-- Symlinking: /home/user/Projects/CrazySim/crazysimpleflight_ws/install/crazyflie_sim/lib/python3.10/site-packages/crazyflie_sim/backend/none.py
-- Symlinking: /home/user/Projects/CrazySim/crazysimpleflight_ws/install/crazyflie_sim/lib/python3.10/site-packages/crazyflie_sim/backend/np.py
-- Symlinking: /home/user/Projects/CrazySim/crazysimpleflight_ws/install/crazyflie_sim/lib/python3.10/site-packages/crazyflie_sim/crazyflie_server.py
-- Symlinking: /home/user/Projects/CrazySim/crazysimpleflight_ws/install/crazyflie_sim/lib/python3.10/site-packages/crazyflie_sim/crazyflie_sil.py
-- Symlinking: /home/user/Projects/CrazySim/crazysimpleflight_ws/install/crazyflie_sim/lib/python3.10/site-packages/crazyflie_sim/sim_data_types.py
-- Symlinking: /home/user/Projects/CrazySim/crazysimpleflight_ws/install/crazyflie_sim/lib/python3.10/site-packages/crazyflie_sim/visualization/README.md
-- Symlinking: /home/user/Projects/CrazySim/crazysimpleflight_ws/install/crazyflie_sim/lib/python3.10/site-packages/crazyflie_sim/visualization/blender.py
-- Symlinking: /home/user/Projects/CrazySim/crazysimpleflight_ws/install/crazyflie_sim/lib/python3.10/site-packages/crazyflie_sim/visualization/data/README.md
-- Symlinking: /home/user/Projects/CrazySim/crazysimpleflight_ws/install/crazyflie_sim/lib/python3.10/site-packages/crazyflie_sim/visualization/data/env/abandoned_greenhouse.jpg
-- Symlinking: /home/user/Projects/CrazySim/crazysimpleflight_ws/install/crazyflie_sim/lib/python3.10/site-packages/crazyflie_sim/visualization/data/env/aerodynamics_workshop.jpg
-- Symlinking: /home/user/Projects/CrazySim/crazysimpleflight_ws/install/crazyflie_sim/lib/python3.10/site-packages/crazyflie_sim/visualization/data/env/aviation_museum.jpg
-- Symlinking: /home/user/Projects/CrazySim/crazysimpleflight_ws/install/crazyflie_sim/lib/python3.10/site-packages/crazyflie_sim/visualization/data/env/crosswalk.jpg
-- Symlinking: /home/user/Projects/CrazySim/crazysimpleflight_ws/install/crazyflie_sim/lib/python3.10/site-packages/crazyflie_sim/visualization/data/env/derelict_overpass.jpg
-- Symlinking: /home/user/Projects/CrazySim/crazysimpleflight_ws/install/crazyflie_sim/lib/python3.10/site-packages/crazyflie_sim/visualization/data/env/env.jpg
-- Symlinking: /home/user/Projects/CrazySim/crazysimpleflight_ws/install/crazyflie_sim/lib/python3.10/site-packages/crazyflie_sim/visualization/data/env/lago_disola.jpg
-- Symlinking: /home/user/Projects/CrazySim/crazysimpleflight_ws/install/crazyflie_sim/lib/python3.10/site-packages/crazyflie_sim/visualization/data/env/lake_pier.jpg
-- Symlinking: /home/user/Projects/CrazySim/crazysimpleflight_ws/install/crazyflie_sim/lib/python3.10/site-packages/crazyflie_sim/visualization/data/env/machine_shop.jpg
-- Symlinking: /home/user/Projects/CrazySim/crazysimpleflight_ws/install/crazyflie_sim/lib/python3.10/site-packages/crazyflie_sim/visualization/data/env/museumplein.jpg
-- Symlinking: /home/user/Projects/CrazySim/crazysimpleflight_ws/install/crazyflie_sim/lib/python3.10/site-packages/crazyflie_sim/visualization/data/env/peppermint_powerplant.jpg
-- Symlinking: /home/user/Projects/CrazySim/crazysimpleflight_ws/install/crazyflie_sim/lib/python3.10/site-packages/crazyflie_sim/visualization/data/env/studio_garden.jpg
-- Symlinking: /home/user/Projects/CrazySim/crazysimpleflight_ws/install/crazyflie_sim/lib/python3.10/site-packages/crazyflie_sim/visualization/data/model/cf.mtl
-- Symlinking: /home/user/Projects/CrazySim/crazysimpleflight_ws/install/crazyflie_sim/lib/python3.10/site-packages/crazyflie_sim/visualization/data/model/cf.obj
-- Symlinking: /home/user/Projects/CrazySim/crazysimpleflight_ws/install/crazyflie_sim/lib/python3.10/site-packages/crazyflie_sim/visualization/pdf.py
-- Symlinking: /home/user/Projects/CrazySim/crazysimpleflight_ws/install/crazyflie_sim/lib/python3.10/site-packages/crazyflie_sim/visualization/record_states.py
-- Symlinking: /home/user/Projects/CrazySim/crazysimpleflight_ws/install/crazyflie_sim/lib/python3.10/site-packages/crazyflie_sim/visualization/rviz.py
-- Symlinking: /home/user/Projects/CrazySim/crazysimpleflight_ws/install/crazyflie_sim/share/ament_index/resource_index/package_run_dependencies/crazyflie_sim
-- Symlinking: /home/user/Projects/CrazySim/crazysimpleflight_ws/install/crazyflie_sim/share/ament_index/resource_index/parent_prefix_path/crazyflie_sim
-- Symlinking: /home/user/Projects/CrazySim/crazysimpleflight_ws/install/crazyflie_sim/share/crazyflie_sim/environment/ament_prefix_path.sh
-- Symlinking: /home/user/Projects/CrazySim/crazysimpleflight_ws/install/crazyflie_sim/share/crazyflie_sim/environment/ament_prefix_path.dsv
-- Symlinking: /home/user/Projects/CrazySim/crazysimpleflight_ws/install/crazyflie_sim/share/crazyflie_sim/environment/path.sh
-- Symlinking: /home/user/Projects/CrazySim/crazysimpleflight_ws/install/crazyflie_sim/share/crazyflie_sim/environment/path.dsv
-- Symlinking: /home/user/Projects/CrazySim/crazysimpleflight_ws/install/crazyflie_sim/share/crazyflie_sim/local_setup.bash
-- Symlinking: /home/user/Projects/CrazySim/crazysimpleflight_ws/install/crazyflie_sim/share/crazyflie_sim/local_setup.sh
-- Symlinking: /home/user/Projects/CrazySim/crazysimpleflight_ws/install/crazyflie_sim/share/crazyflie_sim/local_setup.zsh
-- Symlinking: /home/user/Projects/CrazySim/crazysimpleflight_ws/install/crazyflie_sim/share/crazyflie_sim/local_setup.dsv
-- Symlinking: /home/user/Projects/CrazySim/crazysimpleflight_ws/install/crazyflie_sim/share/crazyflie_sim/package.dsv
-- Symlinking: /home/user/Projects/CrazySim/crazysimpleflight_ws/install/crazyflie_sim/share/ament_index/resource_index/packages/crazyflie_sim
-- Symlinking: /home/user/Projects/CrazySim/crazysimpleflight_ws/install/crazyflie_sim/share/crazyflie_sim/cmake/crazyflie_simConfig.cmake
-- Symlinking: /home/user/Projects/CrazySim/crazysimpleflight_ws/install/crazyflie_sim/share/crazyflie_sim/cmake/crazyflie_simConfig-version.cmake
-- Symlinking: /home/user/Projects/CrazySim/crazysimpleflight_ws/install/crazyflie_sim/share/crazyflie_sim/package.xml
Listing '/home/user/Projects/CrazySim/crazysimpleflight_ws/install/crazyflie_sim/lib/python3.10/site-packages/crazyflie_sim'...
Compiling '/home/user/Projects/CrazySim/crazysimpleflight_ws/install/crazyflie_sim/lib/python3.10/site-packages/crazyflie_sim/__init__.py'...
Listing '/home/user/Projects/CrazySim/crazysimpleflight_ws/install/crazyflie_sim/lib/python3.10/site-packages/crazyflie_sim/backend'...
Compiling '/home/user/Projects/CrazySim/crazysimpleflight_ws/install/crazyflie_sim/lib/python3.10/site-packages/crazyflie_sim/backend/none.py'...
Compiling '/home/user/Projects/CrazySim/crazysimpleflight_ws/install/crazyflie_sim/lib/python3.10/site-packages/crazyflie_sim/backend/np.py'...
Compiling '/home/user/Projects/CrazySim/crazysimpleflight_ws/install/crazyflie_sim/lib/python3.10/site-packages/crazyflie_sim/crazyflie_server.py'...
Compiling '/home/user/Projects/CrazySim/crazysimpleflight_ws/install/crazyflie_sim/lib/python3.10/site-packages/crazyflie_sim/crazyflie_sil.py'...
Compiling '/home/user/Projects/CrazySim/crazysimpleflight_ws/install/crazyflie_sim/lib/python3.10/site-packages/crazyflie_sim/sim_data_types.py'...
Listing '/home/user/Projects/CrazySim/crazysimpleflight_ws/install/crazyflie_sim/lib/python3.10/site-packages/crazyflie_sim/visualization'...
Compiling '/home/user/Projects/CrazySim/crazysimpleflight_ws/install/crazyflie_sim/lib/python3.10/site-packages/crazyflie_sim/visualization/blender.py'...
Listing '/home/user/Projects/CrazySim/crazysimpleflight_ws/install/crazyflie_sim/lib/python3.10/site-packages/crazyflie_sim/visualization/data'...
Listing '/home/user/Projects/CrazySim/crazysimpleflight_ws/install/crazyflie_sim/lib/python3.10/site-packages/crazyflie_sim/visualization/data/env'...
Listing '/home/user/Projects/CrazySim/crazysimpleflight_ws/install/crazyflie_sim/lib/python3.10/site-packages/crazyflie_sim/visualization/data/model'...
Compiling '/home/user/Projects/CrazySim/crazysimpleflight_ws/install/crazyflie_sim/lib/python3.10/site-packages/crazyflie_sim/visualization/pdf.py'...
Compiling '/home/user/Projects/CrazySim/crazysimpleflight_ws/install/crazyflie_sim/lib/python3.10/site-packages/crazyflie_sim/visualization/record_states.py'...
Compiling '/home/user/Projects/CrazySim/crazysimpleflight_ws/install/crazyflie_sim/lib/python3.10/site-packages/crazyflie_sim/visualization/rviz.py'...
