[0.162s] Invoking command in '/home/user/Projects/CrazySim/crazysimpleflight_ws/build/crazyflie_sim': AMENT_PREFIX_PATH=/home/user/Projects/CrazySim/crazysimpleflight_ws/install/crazyflie_interfaces:${AMENT_PREFIX_PATH} CMAKE_PREFIX_PATH=/home/user/Projects/CrazySim/crazysimpleflight_ws/install/crazyflie_interfaces:/opt/ros/humble LD_LIBRARY_PATH=/home/user/Projects/CrazySim/crazysimpleflight_ws/install/crazyflie_interfaces/lib:${LD_LIBRARY_PATH} PYTHONPATH=/home/user/Projects/CrazySim/crazysimpleflight_ws/install/crazyflie_interfaces/lib/python3.10/site-packages:${PYTHONPATH} /usr/bin/cmake /home/user/Projects/CrazySim/crazysimpleflight_ws/src/crazyswarm_SimpleFlight/crazyflie_sim -DCMAKE_BUILD_TYPE=Release -DAMENT_CMAKE_SYMLINK_INSTALL=1 -DCMAKE_INSTALL_PREFIX=/home/user/Projects/CrazySim/crazysimpleflight_ws/install/crazyflie_sim
[0.199s] -- The C compiler identification is GNU 11.4.0
[0.229s] -- The CXX compiler identification is GNU 11.4.0
[0.233s] -- Detecting C compiler ABI info
[0.269s] -- Detecting C compiler ABI info - done
[0.274s] -- Check for working C compiler: /usr/bin/cc - skipped
[0.274s] -- Detecting C compile features
[0.274s] -- Detecting C compile features - done
[0.275s] -- Detecting CXX compiler ABI info
[0.323s] -- Detecting CXX compiler ABI info - done
[0.326s] -- Check for working CXX compiler: /usr/bin/c++ - skipped
[0.326s] -- Detecting CXX compile features
[0.326s] -- Detecting CXX compile features - done
[0.327s] -- Found ament_cmake: 1.3.14 (/opt/ros/humble/share/ament_cmake/cmake)
[0.662s] -- Found Python3: /home/user/Projects/CrazySim/.venv/bin/python3 (found version "3.10.12") found components: Interpreter 
[0.703s] -- Override CMake install command with custom implementation using symlinks instead of copying resources
[0.783s] -- Found ament_cmake_pytest: 1.3.14 (/opt/ros/humble/share/ament_cmake_pytest/cmake)
[2.482s] -- Configuring done
[2.483s] -- Generating done
[2.484s] -- Build files have been written to: /home/user/Projects/CrazySim/crazysimpleflight_ws/build/crazyflie_sim
