[0.170s] Invoking command in '/home/user/Projects/CrazySim/crazysimpleflight_ws/build/crazyflie': AMENT_PREFIX_PATH=/home/user/Projects/CrazySim/crazysimpleflight_ws/install/crazyflie_interfaces:${AMENT_PREFIX_PATH} CMAKE_PREFIX_PATH=/home/user/Projects/CrazySim/crazysimpleflight_ws/install/crazyflie_interfaces:/opt/ros/humble LD_LIBRARY_PATH=/home/user/Projects/CrazySim/crazysimpleflight_ws/install/crazyflie_interfaces/lib:${LD_LIBRARY_PATH} PYTHONPATH=/home/user/Projects/CrazySim/crazysimpleflight_ws/install/crazyflie_interfaces/lib/python3.10/site-packages:${PYTHONPATH} /usr/bin/cmake /home/user/Projects/CrazySim/crazysimpleflight_ws/src/crazyswarm_SimpleFlight/crazyflie -DCMAKE_BUILD_TYPE=Release -DAMENT_CMAKE_SYMLINK_INSTALL=1 -DCMAKE_INSTALL_PREFIX=/home/user/Projects/CrazySim/crazysimpleflight_ws/install/crazyflie
[0.201s] -- The C compiler identification is GNU 11.4.0
[0.232s] -- The CXX compiler identification is GNU 11.4.0
[0.235s] -- Detecting C compiler ABI info
[0.275s] -- Detecting C compiler ABI info - done
[0.277s] -- Check for working C compiler: /usr/bin/cc - skipped
[0.277s] -- Detecting C compile features
[0.277s] -- Detecting C compile features - done
[0.279s] -- Detecting CXX compiler ABI info
[0.329s] -- Detecting CXX compiler ABI info - done
[0.332s] -- Check for working CXX compiler: /usr/bin/c++ - skipped
[0.332s] -- Detecting CXX compile features
[0.332s] -- Detecting CXX compile features - done
[0.333s] -- Found ament_cmake: 1.3.14 (/opt/ros/humble/share/ament_cmake/cmake)
[0.656s] -- Found Python3: /home/user/Projects/CrazySim/.venv/bin/python3 (found version "3.10.12") found components: Interpreter 
[0.688s] -- Override CMake install command with custom implementation using symlinks instead of copying resources
[0.700s] -- Found rclcpp: 16.0.19 (/opt/ros/humble/share/rclcpp/cmake)
[0.725s] -- Found rosidl_generator_c: 3.1.8 (/opt/ros/humble/share/rosidl_generator_c/cmake)
[0.729s] -- Found rosidl_adapter: 3.1.8 (/opt/ros/humble/share/rosidl_adapter/cmake)
[0.734s] -- Found rosidl_generator_cpp: 3.1.8 (/opt/ros/humble/share/rosidl_generator_cpp/cmake)
[0.740s] -- Using all available rosidl_typesupport_c: rosidl_typesupport_fastrtps_c;rosidl_typesupport_introspection_c
[0.749s] -- Using all available rosidl_typesupport_cpp: rosidl_typesupport_fastrtps_cpp;rosidl_typesupport_introspection_cpp
[0.778s] -- Found rmw_implementation_cmake: 6.1.2 (/opt/ros/humble/share/rmw_implementation_cmake/cmake)
[0.780s] -- Found rmw_fastrtps_cpp: 6.2.10 (/opt/ros/humble/share/rmw_fastrtps_cpp/cmake)
[0.853s] -- Found OpenSSL: /usr/lib/x86_64-linux-gnu/libcrypto.so (found version "3.0.2")  
[0.872s] -- Found FastRTPS: /opt/ros/humble/include  
[0.907s] -- Using RMW implementation 'rmw_fastrtps_cpp' as default
[0.908s] -- Looking for pthread.h
[0.954s] -- Looking for pthread.h - found
[0.954s] -- Performing Test CMAKE_HAVE_LIBC_PTHREAD
[1.019s] -- Performing Test CMAKE_HAVE_LIBC_PTHREAD - Success
[1.020s] -- Found Threads: TRUE  
[1.056s] -- Found tf2_ros: 0.25.20 (/opt/ros/humble/share/tf2_ros/cmake)
[1.139s] -- Found rclpy: 3.3.21 (/opt/ros/humble/share/rclpy/cmake)
[1.140s] -- Found std_srvs: 4.9.1 (/opt/ros/humble/share/std_srvs/cmake)
[1.146s] -- Found sensor_msgs: 4.9.1 (/opt/ros/humble/share/sensor_msgs/cmake)
[1.157s] -- Found crazyflie_interfaces: 2.0.0 (/home/user/Projects/CrazySim/crazysimpleflight_ws/install/crazyflie_interfaces/share/crazyflie_interfaces/cmake)
[1.165s] -- Found motion_capture_tracking_interfaces: 1.0.6 (/opt/ros/humble/share/motion_capture_tracking_interfaces/cmake)
[1.179s] [31mCMake Error at CMakeLists.txt:22 (add_subdirectory):
[1.179s]   The source directory
[1.179s] 
[1.179s]     /home/user/Projects/CrazySim/crazysimpleflight_ws/src/crazyswarm_SimpleFlight/crazyflie/deps/crazyflie_tools
[1.179s] 
[1.179s]   does not contain a CMakeLists.txt file.
[1.179s] 
[1.179s] [0m
[1.181s] [31mCMake Error at /opt/ros/humble/share/ament_cmake_core/cmake/symlink_install/ament_cmake_symlink_install_targets.cmake:67 (message):
[1.181s]   ament_cmake_symlink_install_targets() 'comCheck' is not a target
[1.181s] Call Stack (most recent call first):
[1.181s]   /opt/ros/humble/share/ament_cmake_core/cmake/symlink_install/install.cmake:37 (ament_cmake_symlink_install_targets)
[1.181s]   CMakeLists.txt:86 (install)
[1.181s] 
[1.181s] [0m
[1.181s] -- Configuring incomplete, errors occurred!
[1.181s] See also "/home/user/Projects/CrazySim/crazysimpleflight_ws/build/crazyflie/CMakeFiles/CMakeOutput.log".
[1.187s] Invoked command in '/home/user/Projects/CrazySim/crazysimpleflight_ws/build/crazyflie' returned '1': AMENT_PREFIX_PATH=/home/user/Projects/CrazySim/crazysimpleflight_ws/install/crazyflie_interfaces:${AMENT_PREFIX_PATH} CMAKE_PREFIX_PATH=/home/user/Projects/CrazySim/crazysimpleflight_ws/install/crazyflie_interfaces:/opt/ros/humble LD_LIBRARY_PATH=/home/user/Projects/CrazySim/crazysimpleflight_ws/install/crazyflie_interfaces/lib:${LD_LIBRARY_PATH} PYTHONPATH=/home/user/Projects/CrazySim/crazysimpleflight_ws/install/crazyflie_interfaces/lib/python3.10/site-packages:${PYTHONPATH} /usr/bin/cmake /home/user/Projects/CrazySim/crazysimpleflight_ws/src/crazyswarm_SimpleFlight/crazyflie -DCMAKE_BUILD_TYPE=Release -DAMENT_CMAKE_SYMLINK_INSTALL=1 -DCMAKE_INSTALL_PREFIX=/home/user/Projects/CrazySim/crazysimpleflight_ws/install/crazyflie
