[0.012s] Invoking command in '/home/user/Projects/CrazySim/crazysimpleflight_ws/build/crazyflie_examples': AMENT_PREFIX_PATH=/home/user/Projects/CrazySim/crazysimpleflight_ws/install/crazyflie_py:/home/user/Projects/CrazySim/crazysimpleflight_ws/install/crazyflie_interfaces:${AMENT_PREFIX_PATH} CMAKE_PREFIX_PATH=/home/user/Projects/CrazySim/crazysimpleflight_ws/install/crazyflie_interfaces:/opt/ros/humble LD_LIBRARY_PATH=/home/user/Projects/CrazySim/crazysimpleflight_ws/install/crazyflie_interfaces/lib:${LD_LIBRARY_PATH} PYTHONPATH=/home/user/Projects/CrazySim/crazysimpleflight_ws/build/crazyflie_py:/home/user/Projects/CrazySim/crazysimpleflight_ws/install/crazyflie_py/lib/python3.10/site-packages:/home/user/Projects/CrazySim/crazysimpleflight_ws/install/crazyflie_interfaces/lib/python3.10/site-packages:${PYTHONPATH} /usr/bin/cmake /home/user/Projects/CrazySim/crazysimpleflight_ws/src/crazyswarm_SimpleFlight/crazyflie_examples -DCMAKE_BUILD_TYPE=Release -DAMENT_CMAKE_SYMLINK_INSTALL=1 -DCMAKE_INSTALL_PREFIX=/home/user/Projects/CrazySim/crazysimpleflight_ws/install/crazyflie_examples
[0.042s] -- The C compiler identification is GNU 11.4.0
[0.074s] -- The CXX compiler identification is GNU 11.4.0
[0.081s] -- Detecting C compiler ABI info
[0.132s] -- Detecting C compiler ABI info - done
[0.134s] -- Check for working C compiler: /usr/bin/cc - skipped
[0.134s] -- Detecting C compile features
[0.134s] -- Detecting C compile features - done
[0.136s] -- Detecting CXX compiler ABI info
[0.190s] -- Detecting CXX compiler ABI info - done
[0.193s] -- Check for working CXX compiler: /usr/bin/c++ - skipped
[0.193s] -- Detecting CXX compile features
[0.194s] -- Detecting CXX compile features - done
[0.195s] -- Found ament_cmake: 1.3.14 (/opt/ros/humble/share/ament_cmake/cmake)
[0.541s] -- Found Python3: /home/user/Projects/CrazySim/.venv/bin/python3 (found version "3.10.12") found components: Interpreter 
[0.581s] -- Override CMake install command with custom implementation using symlinks instead of copying resources
[0.652s] -- Found ament_cmake_pytest: 1.3.14 (/opt/ros/humble/share/ament_cmake_pytest/cmake)
[1.830s] -- Configuring done
[1.831s] -- Generating done
[1.832s] -- Build files have been written to: /home/user/Projects/CrazySim/crazysimpleflight_ws/build/crazyflie_examples
